#
# There is insufficient memory for the Java Runtime Environment to continue.
# Native memory allocation (malloc) failed to allocate 401136 bytes for Chunk::new
# Possible reasons:
#   The system is out of physical RAM or swap space
#   The process is running with CompressedOops enabled, and the Java Heap may be blocking the growth of the native heap
# Possible solutions:
#   Reduce memory load on the system
#   Increase physical memory or swap space
#   Check if swap backing store is full
#   Decrease Java heap size (-Xmx/-Xms)
#   Decrease number of Java threads
#   Decrease Java thread stack sizes (-Xss)
#   Set larger code cache with -XX:ReservedCodeCacheSize=
#   JVM is running with Unscaled Compressed Oops mode in which the Java heap is
#     placed in the first 4GB address space. The Java Heap base address is the
#     maximum limit for the native heap growth. Please use -XX:HeapBaseMinAddress
#     to set the Java Heap base and to place the Java Heap above 4GB virtual address.
# This output file may be truncated or incomplete.
#
#  Out of Memory Error (./open/src/hotspot/share/memory/arena.cpp:197), pid=27112, tid=26168
#
# JRE version: Java(TM) SE Runtime Environment 18.9 (11.0.15+8) (build 11.0.15+8-LTS-149)
# Java VM: Java HotSpot(TM) 64-Bit Server VM 18.9 (11.0.15+8-LTS-149, mixed mode, tiered, compressed oops, g1 gc, windows-amd64)
# No core dump will be written. Minidumps are not enabled by default on client versions of Windows
#

---------------  S U M M A R Y ------------

Command Line: -Dclassworlds.conf=C:\Users\sfjbs\Downloads\apache-maven-3.8.6-bin\apache-maven-3.8.6\bin\m2.conf -Dmaven.home=C:\Users\sfjbs\Downloads\apache-maven-3.8.6-bin\apache-maven-3.8.6 -Dlibrary.jansi.path=C:\Users\sfjbs\Downloads\apache-maven-3.8.6-bin\apache-maven-3.8.6\lib\jansi-native -Dmaven.multiModuleProjectDirectory=C:\Users\sfjbs\IdeaProjects\deepthi\Day13\fourth-rabbit-demo\rabbitmq-demo-consumer org.codehaus.plexus.classworlds.launcher.Launcher spring-boot:run

Host: Intel(R) Xeon(R) Platinum 8272CL CPU @ 2.60GHz, 2 cores, 7G,  Windows 10 , 64 bit Build 19041 (10.0.19041.1889)
Time: Thu Sep  8 12:14:28 2022 Coordinated Universal Time elapsed time: 2.057739 seconds (0d 0h 0m 2s)

---------------  T H R E A D  ---------------

Current thread (0x000001cc7bcd5000):  JavaThread "C2 CompilerThread0" daemon [_thread_in_native, id=26168, stack(0x0000000983900000,0x0000000983a00000)]


Current CompileTask:
C2:   2057 1386       4       jdk.internal.loader.URLClassPath::getResource (74 bytes)

Stack: [0x0000000983900000,0x0000000983a00000]
Native frames: (J=compiled Java code, j=interpreted, Vv=VM code, C=native code)
V  [jvm.dll+0x629d8a]
V  [jvm.dll+0x7638ff]
V  [jvm.dll+0x764fa9]
V  [jvm.dll+0x765633]
V  [jvm.dll+0x23d9c8]
V  [jvm.dll+0xb2a1c]
V  [jvm.dll+0xb2fdc]
V  [jvm.dll+0x341047]
V  [jvm.dll+0x30e9b3]
V  [jvm.dll+0x30dcfa]
V  [jvm.dll+0x1f8565]
V  [jvm.dll+0x1f774d]
V  [jvm.dll+0x177c51]
V  [jvm.dll+0x207026]
V  [jvm.dll+0x2051bb]
V  [jvm.dll+0x729820]
V  [jvm.dll+0x7223f4]
V  [jvm.dll+0x628c26]
C  [ucrtbase.dll+0x21bb2]
C  [KERNEL32.DLL+0x17034]
C  [ntdll.dll+0x52651]


---------------  P R O C E S S  ---------------

Threads class SMR info:
_java_thread_list=0x000001cc7c7ab4d0, length=10, elements={
0x000001cc5ea3b000, 0x000001cc7bcaf800, 0x000001cc7bcb9000, 0x000001cc7bccb000,
0x000001cc7bccf800, 0x000001cc7bcd2000, 0x000001cc7bcd5000, 0x000001cc7bcdc800,
0x000001cc7bce6000, 0x000001cc7c7aa800
}

Java Threads: ( => current thread )
  0x000001cc5ea3b000 JavaThread "main" [_thread_in_vm, id=23340, stack(0x0000000982d00000,0x0000000982e00000)]
  0x000001cc7bcaf800 JavaThread "Reference Handler" daemon [_thread_blocked, id=27028, stack(0x0000000983400000,0x0000000983500000)]
  0x000001cc7bcb9000 JavaThread "Finalizer" daemon [_thread_blocked, id=27504, stack(0x0000000983500000,0x0000000983600000)]
  0x000001cc7bccb000 JavaThread "Signal Dispatcher" daemon [_thread_blocked, id=25176, stack(0x0000000983600000,0x0000000983700000)]
  0x000001cc7bccf800 JavaThread "Attach Listener" daemon [_thread_blocked, id=6056, stack(0x0000000983700000,0x0000000983800000)]
  0x000001cc7bcd2000 JavaThread "Service Thread" daemon [_thread_blocked, id=22100, stack(0x0000000983800000,0x0000000983900000)]
=>0x000001cc7bcd5000 JavaThread "C2 CompilerThread0" daemon [_thread_in_native, id=26168, stack(0x0000000983900000,0x0000000983a00000)]
  0x000001cc7bcdc800 JavaThread "C1 CompilerThread0" daemon [_thread_in_native, id=22232, stack(0x0000000983a00000,0x0000000983b00000)]
  0x000001cc7bce6000 JavaThread "Sweeper thread" daemon [_thread_blocked, id=27080, stack(0x0000000983b00000,0x0000000983c00000)]
  0x000001cc7c7aa800 JavaThread "Common-Cleaner" daemon [_thread_blocked, id=27296, stack(0x0000000983d00000,0x0000000983e00000)]

Other Threads:
  0x000001cc7bcad000 VMThread "VM Thread" [stack: 0x0000000983300000,0x0000000983400000] [id=26932]
  0x000001cc7c7a4800 WatcherThread [stack: 0x0000000983c00000,0x0000000983d00000] [id=27468]
  0x000001cc5ea4f800 GCTaskThread "GC Thread#0" [stack: 0x0000000982e00000,0x0000000982f00000] [id=26720]
  0x000001cc7ccf0800 GCTaskThread "GC Thread#1" [stack: 0x0000000983e00000,0x0000000983f00000] [id=24360]
  0x000001cc5ea7b800 ConcurrentGCThread "G1 Main Marker" [stack: 0x0000000982f00000,0x0000000983000000] [id=26788]
  0x000001cc5ea7c800 ConcurrentGCThread "G1 Conc#0" [stack: 0x0000000983000000,0x0000000983100000] [id=25968]
  0x000001cc5eb05800 ConcurrentGCThread "G1 Refine#0" [stack: 0x0000000983100000,0x0000000983200000] [id=27472]
  0x000001cc5eb07800 ConcurrentGCThread "G1 Young RemSet Sampling" [stack: 0x0000000983200000,0x0000000983300000] [id=22512]

Threads with active compile tasks:
C2 CompilerThread0   2087 1386       4       jdk.internal.loader.URLClassPath::getResource (74 bytes)

VM state:not at safepoint (normal execution)

VM Mutex/Monitor currently owned by a thread: None

Heap address: 0x0000000080000000, size: 2048 MB, Compressed Oops mode: 32-bit
Narrow klass base: 0x0000000000000000, Narrow klass shift: 3
Compressed class space size: 1073741824 Address: 0x0000000100000000

Heap:
 garbage-first heap   total 131072K, used 5242K [0x0000000080000000, 0x0000000100000000)
  region size 1024K, 5 young (5120K), 3 survivors (3072K)
 Metaspace       used 15010K, capacity 15200K, committed 15360K, reserved 1064960K
  class space    used 1579K, capacity 1681K, committed 1792K, reserved 1048576K
Heap Regions: E=young(eden), S=young(survivor), O=old, HS=humongous(starts), HC=humongous(continues), CS=collection set, F=free, A=archive, TAMS=top-at-mark-start (previous, next)
|   0|0x0000000080000000, 0x0000000080100000, 0x0000000080100000|100%| O|  |TAMS 0x0000000080000000, 0x0000000080000000| Untracked 
|   1|0x0000000080100000, 0x0000000080200000, 0x0000000080200000|100%| O|  |TAMS 0x0000000080100000, 0x0000000080100000| Untracked 
|   2|0x0000000080200000, 0x0000000080200000, 0x0000000080300000|  0%| F|  |TAMS 0x0000000080200000, 0x0000000080200000| Untracked 
|   3|0x0000000080300000, 0x0000000080300000, 0x0000000080400000|  0%| F|  |TAMS 0x0000000080300000, 0x0000000080300000| Untracked 
|   4|0x0000000080400000, 0x0000000080400000, 0x0000000080500000|  0%| F|  |TAMS 0x0000000080400000, 0x0000000080400000| Untracked 
|   5|0x0000000080500000, 0x0000000080500000, 0x0000000080600000|  0%| F|  |TAMS 0x0000000080500000, 0x0000000080500000| Untracked 
|   6|0x0000000080600000, 0x0000000080600000, 0x0000000080700000|  0%| F|  |TAMS 0x0000000080600000, 0x0000000080600000| Untracked 
|   7|0x0000000080700000, 0x0000000080700000, 0x0000000080800000|  0%| F|  |TAMS 0x0000000080700000, 0x0000000080700000| Untracked 
|   8|0x0000000080800000, 0x0000000080800000, 0x0000000080900000|  0%| F|  |TAMS 0x0000000080800000, 0x0000000080800000| Untracked 
|   9|0x0000000080900000, 0x0000000080900000, 0x0000000080a00000|  0%| F|  |TAMS 0x0000000080900000, 0x0000000080900000| Untracked 
|  10|0x0000000080a00000, 0x0000000080a00000, 0x0000000080b00000|  0%| F|  |TAMS 0x0000000080a00000, 0x0000000080a00000| Untracked 
|  11|0x0000000080b00000, 0x0000000080b00000, 0x0000000080c00000|  0%| F|  |TAMS 0x0000000080b00000, 0x0000000080b00000| Untracked 
|  12|0x0000000080c00000, 0x0000000080c00000, 0x0000000080d00000|  0%| F|  |TAMS 0x0000000080c00000, 0x0000000080c00000| Untracked 
|  13|0x0000000080d00000, 0x0000000080d00000, 0x0000000080e00000|  0%| F|  |TAMS 0x0000000080d00000, 0x0000000080d00000| Untracked 
|  14|0x0000000080e00000, 0x0000000080e00000, 0x0000000080f00000|  0%| F|  |TAMS 0x0000000080e00000, 0x0000000080e00000| Untracked 
|  15|0x0000000080f00000, 0x0000000080f00000, 0x0000000081000000|  0%| F|  |TAMS 0x0000000080f00000, 0x0000000080f00000| Untracked 
|  16|0x0000000081000000, 0x0000000081000000, 0x0000000081100000|  0%| F|  |TAMS 0x0000000081000000, 0x0000000081000000| Untracked 
|  17|0x0000000081100000, 0x0000000081100000, 0x0000000081200000|  0%| F|  |TAMS 0x0000000081100000, 0x0000000081100000| Untracked 
|  18|0x0000000081200000, 0x0000000081200000, 0x0000000081300000|  0%| F|  |TAMS 0x0000000081200000, 0x0000000081200000| Untracked 
|  19|0x0000000081300000, 0x0000000081300000, 0x0000000081400000|  0%| F|  |TAMS 0x0000000081300000, 0x0000000081300000| Untracked 
|  20|0x0000000081400000, 0x0000000081400000, 0x0000000081500000|  0%| F|  |TAMS 0x0000000081400000, 0x0000000081400000| Untracked 
|  21|0x0000000081500000, 0x0000000081500000, 0x0000000081600000|  0%| F|  |TAMS 0x0000000081500000, 0x0000000081500000| Untracked 
|  22|0x0000000081600000, 0x0000000081600000, 0x0000000081700000|  0%| F|  |TAMS 0x0000000081600000, 0x0000000081600000| Untracked 
|  23|0x0000000081700000, 0x0000000081700000, 0x0000000081800000|  0%| F|  |TAMS 0x0000000081700000, 0x0000000081700000| Untracked 
|  24|0x0000000081800000, 0x0000000081800000, 0x0000000081900000|  0%| F|  |TAMS 0x0000000081800000, 0x0000000081800000| Untracked 
|  25|0x0000000081900000, 0x0000000081900000, 0x0000000081a00000|  0%| F|  |TAMS 0x0000000081900000, 0x0000000081900000| Untracked 
|  26|0x0000000081a00000, 0x0000000081a00000, 0x0000000081b00000|  0%| F|  |TAMS 0x0000000081a00000, 0x0000000081a00000| Untracked 
|  27|0x0000000081b00000, 0x0000000081b00000, 0x0000000081c00000|  0%| F|  |TAMS 0x0000000081b00000, 0x0000000081b00000| Untracked 
|  28|0x0000000081c00000, 0x0000000081c00000, 0x0000000081d00000|  0%| F|  |TAMS 0x0000000081c00000, 0x0000000081c00000| Untracked 
|  29|0x0000000081d00000, 0x0000000081d00000, 0x0000000081e00000|  0%| F|  |TAMS 0x0000000081d00000, 0x0000000081d00000| Untracked 
|  30|0x0000000081e00000, 0x0000000081e00000, 0x0000000081f00000|  0%| F|  |TAMS 0x0000000081e00000, 0x0000000081e00000| Untracked 
|  31|0x0000000081f00000, 0x0000000081f00000, 0x0000000082000000|  0%| F|  |TAMS 0x0000000081f00000, 0x0000000081f00000| Untracked 
|  32|0x0000000082000000, 0x0000000082000000, 0x0000000082100000|  0%| F|  |TAMS 0x0000000082000000, 0x0000000082000000| Untracked 
|  33|0x0000000082100000, 0x0000000082100000, 0x0000000082200000|  0%| F|  |TAMS 0x0000000082100000, 0x0000000082100000| Untracked 
|  34|0x0000000082200000, 0x0000000082200000, 0x0000000082300000|  0%| F|  |TAMS 0x0000000082200000, 0x0000000082200000| Untracked 
|  35|0x0000000082300000, 0x0000000082300000, 0x0000000082400000|  0%| F|  |TAMS 0x0000000082300000, 0x0000000082300000| Untracked 
|  36|0x0000000082400000, 0x0000000082400000, 0x0000000082500000|  0%| F|  |TAMS 0x0000000082400000, 0x0000000082400000| Untracked 
|  37|0x0000000082500000, 0x0000000082500000, 0x0000000082600000|  0%| F|  |TAMS 0x0000000082500000, 0x0000000082500000| Untracked 
|  38|0x0000000082600000, 0x0000000082600000, 0x0000000082700000|  0%| F|  |TAMS 0x0000000082600000, 0x0000000082600000| Untracked 
|  39|0x0000000082700000, 0x0000000082700000, 0x0000000082800000|  0%| F|  |TAMS 0x0000000082700000, 0x0000000082700000| Untracked 
|  40|0x0000000082800000, 0x0000000082800000, 0x0000000082900000|  0%| F|  |TAMS 0x0000000082800000, 0x0000000082800000| Untracked 
|  41|0x0000000082900000, 0x0000000082900000, 0x0000000082a00000|  0%| F|  |TAMS 0x0000000082900000, 0x0000000082900000| Untracked 
|  42|0x0000000082a00000, 0x0000000082a00000, 0x0000000082b00000|  0%| F|  |TAMS 0x0000000082a00000, 0x0000000082a00000| Untracked 
|  43|0x0000000082b00000, 0x0000000082b00000, 0x0000000082c00000|  0%| F|  |TAMS 0x0000000082b00000, 0x0000000082b00000| Untracked 
|  44|0x0000000082c00000, 0x0000000082c00000, 0x0000000082d00000|  0%| F|  |TAMS 0x0000000082c00000, 0x0000000082c00000| Untracked 
|  45|0x0000000082d00000, 0x0000000082d00000, 0x0000000082e00000|  0%| F|  |TAMS 0x0000000082d00000, 0x0000000082d00000| Untracked 
|  46|0x0000000082e00000, 0x0000000082e00000, 0x0000000082f00000|  0%| F|  |TAMS 0x0000000082e00000, 0x0000000082e00000| Untracked 
|  47|0x0000000082f00000, 0x0000000082f00000, 0x0000000083000000|  0%| F|  |TAMS 0x0000000082f00000, 0x0000000082f00000| Untracked 
|  48|0x0000000083000000, 0x0000000083000000, 0x0000000083100000|  0%| F|  |TAMS 0x0000000083000000, 0x0000000083000000| Untracked 
|  49|0x0000000083100000, 0x0000000083100000, 0x0000000083200000|  0%| F|  |TAMS 0x0000000083100000, 0x0000000083100000| Untracked 
|  50|0x0000000083200000, 0x0000000083200000, 0x0000000083300000|  0%| F|  |TAMS 0x0000000083200000, 0x0000000083200000| Untracked 
|  51|0x0000000083300000, 0x0000000083300000, 0x0000000083400000|  0%| F|  |TAMS 0x0000000083300000, 0x0000000083300000| Untracked 
|  52|0x0000000083400000, 0x0000000083400000, 0x0000000083500000|  0%| F|  |TAMS 0x0000000083400000, 0x0000000083400000| Untracked 
|  53|0x0000000083500000, 0x0000000083500000, 0x0000000083600000|  0%| F|  |TAMS 0x0000000083500000, 0x0000000083500000| Untracked 
|  54|0x0000000083600000, 0x0000000083600000, 0x0000000083700000|  0%| F|  |TAMS 0x0000000083600000, 0x0000000083600000| Untracked 
|  55|0x0000000083700000, 0x0000000083700000, 0x0000000083800000|  0%| F|  |TAMS 0x0000000083700000, 0x0000000083700000| Untracked 
|  56|0x0000000083800000, 0x0000000083800000, 0x0000000083900000|  0%| F|  |TAMS 0x0000000083800000, 0x0000000083800000| Untracked 
|  57|0x0000000083900000, 0x0000000083900000, 0x0000000083a00000|  0%| F|  |TAMS 0x0000000083900000, 0x0000000083900000| Untracked 
|  58|0x0000000083a00000, 0x0000000083a00000, 0x0000000083b00000|  0%| F|  |TAMS 0x0000000083a00000, 0x0000000083a00000| Untracked 
|  59|0x0000000083b00000, 0x0000000083b00000, 0x0000000083c00000|  0%| F|  |TAMS 0x0000000083b00000, 0x0000000083b00000| Untracked 
|  60|0x0000000083c00000, 0x0000000083c00000, 0x0000000083d00000|  0%| F|  |TAMS 0x0000000083c00000, 0x0000000083c00000| Untracked 
|  61|0x0000000083d00000, 0x0000000083d00000, 0x0000000083e00000|  0%| F|  |TAMS 0x0000000083d00000, 0x0000000083d00000| Untracked 
|  62|0x0000000083e00000, 0x0000000083e00000, 0x0000000083f00000|  0%| F|  |TAMS 0x0000000083e00000, 0x0000000083e00000| Untracked 
|  63|0x0000000083f00000, 0x0000000083f00000, 0x0000000084000000|  0%| F|  |TAMS 0x0000000083f00000, 0x0000000083f00000| Untracked 
|  64|0x0000000084000000, 0x0000000084000000, 0x0000000084100000|  0%| F|  |TAMS 0x0000000084000000, 0x0000000084000000| Untracked 
|  65|0x0000000084100000, 0x0000000084100000, 0x0000000084200000|  0%| F|  |TAMS 0x0000000084100000, 0x0000000084100000| Untracked 
|  66|0x0000000084200000, 0x0000000084200000, 0x0000000084300000|  0%| F|  |TAMS 0x0000000084200000, 0x0000000084200000| Untracked 
|  67|0x0000000084300000, 0x0000000084300000, 0x0000000084400000|  0%| F|  |TAMS 0x0000000084300000, 0x0000000084300000| Untracked 
|  68|0x0000000084400000, 0x0000000084400000, 0x0000000084500000|  0%| F|  |TAMS 0x0000000084400000, 0x0000000084400000| Untracked 
|  69|0x0000000084500000, 0x0000000084500000, 0x0000000084600000|  0%| F|  |TAMS 0x0000000084500000, 0x0000000084500000| Untracked 
|  70|0x0000000084600000, 0x0000000084600000, 0x0000000084700000|  0%| F|  |TAMS 0x0000000084600000, 0x0000000084600000| Untracked 
|  71|0x0000000084700000, 0x0000000084700000, 0x0000000084800000|  0%| F|  |TAMS 0x0000000084700000, 0x0000000084700000| Untracked 
|  72|0x0000000084800000, 0x0000000084800000, 0x0000000084900000|  0%| F|  |TAMS 0x0000000084800000, 0x0000000084800000| Untracked 
|  73|0x0000000084900000, 0x0000000084900000, 0x0000000084a00000|  0%| F|  |TAMS 0x0000000084900000, 0x0000000084900000| Untracked 
|  74|0x0000000084a00000, 0x0000000084a00000, 0x0000000084b00000|  0%| F|  |TAMS 0x0000000084a00000, 0x0000000084a00000| Untracked 
|  75|0x0000000084b00000, 0x0000000084b00000, 0x0000000084c00000|  0%| F|  |TAMS 0x0000000084b00000, 0x0000000084b00000| Untracked 
|  76|0x0000000084c00000, 0x0000000084c00000, 0x0000000084d00000|  0%| F|  |TAMS 0x0000000084c00000, 0x0000000084c00000| Untracked 
|  77|0x0000000084d00000, 0x0000000084d00000, 0x0000000084e00000|  0%| F|  |TAMS 0x0000000084d00000, 0x0000000084d00000| Untracked 
|  78|0x0000000084e00000, 0x0000000084e00000, 0x0000000084f00000|  0%| F|  |TAMS 0x0000000084e00000, 0x0000000084e00000| Untracked 
|  79|0x0000000084f00000, 0x0000000084f00000, 0x0000000085000000|  0%| F|  |TAMS 0x0000000084f00000, 0x0000000084f00000| Untracked 
|  80|0x0000000085000000, 0x0000000085000000, 0x0000000085100000|  0%| F|  |TAMS 0x0000000085000000, 0x0000000085000000| Untracked 
|  81|0x0000000085100000, 0x0000000085100000, 0x0000000085200000|  0%| F|  |TAMS 0x0000000085100000, 0x0000000085100000| Untracked 
|  82|0x0000000085200000, 0x0000000085200000, 0x0000000085300000|  0%| F|  |TAMS 0x0000000085200000, 0x0000000085200000| Untracked 
|  83|0x0000000085300000, 0x0000000085300000, 0x0000000085400000|  0%| F|  |TAMS 0x0000000085300000, 0x0000000085300000| Untracked 
|  84|0x0000000085400000, 0x0000000085400000, 0x0000000085500000|  0%| F|  |TAMS 0x0000000085400000, 0x0000000085400000| Untracked 
|  85|0x0000000085500000, 0x0000000085500000, 0x0000000085600000|  0%| F|  |TAMS 0x0000000085500000, 0x0000000085500000| Untracked 
|  86|0x0000000085600000, 0x0000000085600000, 0x0000000085700000|  0%| F|  |TAMS 0x0000000085600000, 0x0000000085600000| Untracked 
|  87|0x0000000085700000, 0x0000000085700000, 0x0000000085800000|  0%| F|  |TAMS 0x0000000085700000, 0x0000000085700000| Untracked 
|  88|0x0000000085800000, 0x0000000085800000, 0x0000000085900000|  0%| F|  |TAMS 0x0000000085800000, 0x0000000085800000| Untracked 
|  89|0x0000000085900000, 0x0000000085900000, 0x0000000085a00000|  0%| F|  |TAMS 0x0000000085900000, 0x0000000085900000| Untracked 
|  90|0x0000000085a00000, 0x0000000085a00000, 0x0000000085b00000|  0%| F|  |TAMS 0x0000000085a00000, 0x0000000085a00000| Untracked 
|  91|0x0000000085b00000, 0x0000000085b00000, 0x0000000085c00000|  0%| F|  |TAMS 0x0000000085b00000, 0x0000000085b00000| Untracked 
|  92|0x0000000085c00000, 0x0000000085c00000, 0x0000000085d00000|  0%| F|  |TAMS 0x0000000085c00000, 0x0000000085c00000| Untracked 
|  93|0x0000000085d00000, 0x0000000085d00000, 0x0000000085e00000|  0%| F|  |TAMS 0x0000000085d00000, 0x0000000085d00000| Untracked 
|  94|0x0000000085e00000, 0x0000000085e00000, 0x0000000085f00000|  0%| F|  |TAMS 0x0000000085e00000, 0x0000000085e00000| Untracked 
|  95|0x0000000085f00000, 0x0000000085f00000, 0x0000000086000000|  0%| F|  |TAMS 0x0000000085f00000, 0x0000000085f00000| Untracked 
|  96|0x0000000086000000, 0x0000000086000000, 0x0000000086100000|  0%| F|  |TAMS 0x0000000086000000, 0x0000000086000000| Untracked 
|  97|0x0000000086100000, 0x0000000086100000, 0x0000000086200000|  0%| F|  |TAMS 0x0000000086100000, 0x0000000086100000| Untracked 
|  98|0x0000000086200000, 0x0000000086200000, 0x0000000086300000|  0%| F|  |TAMS 0x0000000086200000, 0x0000000086200000| Untracked 
|  99|0x0000000086300000, 0x0000000086300000, 0x0000000086400000|  0%| F|  |TAMS 0x0000000086300000, 0x0000000086300000| Untracked 
| 100|0x0000000086400000, 0x0000000086400000, 0x0000000086500000|  0%| F|  |TAMS 0x0000000086400000, 0x0000000086400000| Untracked 
| 101|0x0000000086500000, 0x0000000086500000, 0x0000000086600000|  0%| F|  |TAMS 0x0000000086500000, 0x0000000086500000| Untracked 
| 102|0x0000000086600000, 0x0000000086600000, 0x0000000086700000|  0%| F|  |TAMS 0x0000000086600000, 0x0000000086600000| Untracked 
| 103|0x0000000086700000, 0x0000000086700000, 0x0000000086800000|  0%| F|  |TAMS 0x0000000086700000, 0x0000000086700000| Untracked 
| 104|0x0000000086800000, 0x0000000086800000, 0x0000000086900000|  0%| F|  |TAMS 0x0000000086800000, 0x0000000086800000| Untracked 
| 105|0x0000000086900000, 0x000000008691ea20, 0x0000000086a00000| 11%| E|CS|TAMS 0x0000000086900000, 0x000000008691ea20| Complete 
| 106|0x0000000086a00000, 0x0000000086b00000, 0x0000000086b00000|100%| E|CS|TAMS 0x0000000086a00000, 0x0000000086b00000| Complete 
| 107|0x0000000086b00000, 0x0000000086c00000, 0x0000000086c00000|100%| E|CS|TAMS 0x0000000086b00000, 0x0000000086c00000| Complete 
| 108|0x0000000086c00000, 0x0000000086c00000, 0x0000000086d00000|  0%| F|  |TAMS 0x0000000086c00000, 0x0000000086c00000| Untracked 
| 109|0x0000000086d00000, 0x0000000086d00000, 0x0000000086e00000|  0%| F|  |TAMS 0x0000000086d00000, 0x0000000086d00000| Untracked 
| 110|0x0000000086e00000, 0x0000000086e00000, 0x0000000086f00000|  0%| F|  |TAMS 0x0000000086e00000, 0x0000000086e00000| Untracked 
| 111|0x0000000086f00000, 0x0000000086f00000, 0x0000000087000000|  0%| F|  |TAMS 0x0000000086f00000, 0x0000000086f00000| Untracked 
| 112|0x0000000087000000, 0x0000000087000000, 0x0000000087100000|  0%| F|  |TAMS 0x0000000087000000, 0x0000000087000000| Untracked 
| 113|0x0000000087100000, 0x0000000087100000, 0x0000000087200000|  0%| F|  |TAMS 0x0000000087100000, 0x0000000087100000| Untracked 
| 114|0x0000000087200000, 0x0000000087200000, 0x0000000087300000|  0%| F|  |TAMS 0x0000000087200000, 0x0000000087200000| Untracked 
| 115|0x0000000087300000, 0x0000000087300000, 0x0000000087400000|  0%| F|  |TAMS 0x0000000087300000, 0x0000000087300000| Untracked 
| 116|0x0000000087400000, 0x0000000087400000, 0x0000000087500000|  0%| F|  |TAMS 0x0000000087400000, 0x0000000087400000| Untracked 
| 117|0x0000000087500000, 0x0000000087500000, 0x0000000087600000|  0%| F|  |TAMS 0x0000000087500000, 0x0000000087500000| Untracked 
| 118|0x0000000087600000, 0x0000000087600000, 0x0000000087700000|  0%| F|  |TAMS 0x0000000087600000, 0x0000000087600000| Untracked 
| 119|0x0000000087700000, 0x0000000087700000, 0x0000000087800000|  0%| F|  |TAMS 0x0000000087700000, 0x0000000087700000| Untracked 
| 120|0x0000000087800000, 0x0000000087800000, 0x0000000087900000|  0%| F|  |TAMS 0x0000000087800000, 0x0000000087800000| Untracked 
| 121|0x0000000087900000, 0x0000000087900000, 0x0000000087a00000|  0%| F|  |TAMS 0x0000000087900000, 0x0000000087900000| Untracked 
| 122|0x0000000087a00000, 0x0000000087a00000, 0x0000000087b00000|  0%| F|  |TAMS 0x0000000087a00000, 0x0000000087a00000| Untracked 
| 123|0x0000000087b00000, 0x0000000087b00000, 0x0000000087c00000|  0%| F|  |TAMS 0x0000000087b00000, 0x0000000087b00000| Untracked 
| 124|0x0000000087c00000, 0x0000000087c00000, 0x0000000087d00000|  0%| F|  |TAMS 0x0000000087c00000, 0x0000000087c00000| Untracked 
| 125|0x0000000087d00000, 0x0000000087d2f168, 0x0000000087e00000| 18%| S|  |TAMS 0x0000000087d00000, 0x0000000087d00000| Complete 
| 126|0x0000000087e00000, 0x0000000087f00000, 0x0000000087f00000|100%| E|CS|TAMS 0x0000000087e00000, 0x0000000087f00000| Complete 
| 127|0x0000000087f00000, 0x0000000088000000, 0x0000000088000000|100%| E|CS|TAMS 0x0000000087f00000, 0x0000000088000000| Complete 

Card table byte_map: [0x000001cc750f0000,0x000001cc754f0000] _byte_map_base: 0x000001cc74cf0000

Marking Bits (Prev, Next): (CMBitMap*) 0x000001cc5c8ee808, (CMBitMap*) 0x000001cc5c8ee840
 Prev Bits: [0x000001cc758f0000, 0x000001cc778f0000)
 Next Bits: [0x000001cc778f0000, 0x000001cc798f0000)

Polling page: 0x000001cc5c780000

Metaspace:

Usage:
  Non-class:     13.20 MB capacity,    13.12 MB (>99%) used,    65.07 KB ( <1%) free+waste,    15.06 KB ( <1%) overhead. 
      Class:      1.64 MB capacity,     1.54 MB ( 94%) used,    94.35 KB (  6%) free+waste,     6.44 KB ( <1%) overhead. 
       Both:     14.84 MB capacity,    14.67 MB ( 99%) used,   159.42 KB (  1%) free+waste,    21.50 KB ( <1%) overhead. 

Virtual space:
  Non-class space:       22.00 MB reserved,      13.25 MB ( 60%) committed 
      Class space:        1.00 GB reserved,       1.75 MB ( <1%) committed 
             Both:        1.02 GB reserved,      15.00 MB (  1%) committed 

Chunk freelists:
   Non-Class:  6.13 KB
       Class:  1.88 KB
        Both:  8.00 KB

CodeHeap 'non-profiled nmethods': size=120064Kb used=497Kb max_used=497Kb free=119566Kb
 bounds [0x000001cc6dbb0000, 0x000001cc6de20000, 0x000001cc750f0000]
CodeHeap 'profiled nmethods': size=120000Kb used=2812Kb max_used=2812Kb free=117187Kb
 bounds [0x000001cc66680000, 0x000001cc66940000, 0x000001cc6dbb0000]
CodeHeap 'non-nmethods': size=5696Kb used=1099Kb max_used=1119Kb free=4596Kb
 bounds [0x000001cc660f0000, 0x000001cc66360000, 0x000001cc66680000]
 total_blobs=1803 nmethods=1407 adapters=308
 compilation: enabled
              stopped_count=0, restarted_count=0
 full_count=0

Compilation events (10 events):
Event: 2.042 Thread 0x000001cc7bcdc800 1394       3       jdk.internal.loader.AbstractClassLoaderValue::sub (10 bytes)
Event: 2.043 Thread 0x000001cc7bcdc800 nmethod 1394 0x000001cc66939110 code [0x000001cc669392c0, 0x000001cc669395f8]
Event: 2.043 Thread 0x000001cc7bcdc800 1395       3       sun.reflect.generics.tree.ClassTypeSignature::accept (8 bytes)
Event: 2.043 Thread 0x000001cc7bcdc800 nmethod 1395 0x000001cc66939710 code [0x000001cc669398c0, 0x000001cc66939a28]
Event: 2.046 Thread 0x000001cc7bcdc800 1396       3       java.lang.reflect.Executable::getAnnotation (23 bytes)
Event: 2.046 Thread 0x000001cc7bcdc800 nmethod 1396 0x000001cc66939b10 code [0x000001cc66939d20, 0x000001cc6693a388]
Event: 2.047 Thread 0x000001cc7bcdc800 1397       3       com.google.inject.spi.Elements$RecordingBinder::bind (6 bytes)
Event: 2.047 Thread 0x000001cc7bcdc800 nmethod 1397 0x000001cc6693a590 code [0x000001cc6693a760, 0x000001cc6693aa88]
Event: 2.050 Thread 0x000001cc7bcdc800 1398       3       jdk.internal.loader.AbstractClassLoaderValue::extractValue (17 bytes)
Event: 2.050 Thread 0x000001cc7bcdc800 nmethod 1398 0x000001cc6693ac10 code [0x000001cc6693adc0, 0x000001cc6693b128]

GC Heap History (8 events):
Event: 0.558 GC heap before
{Heap before GC invocations=0 (full 0):
 garbage-first heap   total 131072K, used 7167K [0x0000000080000000, 0x0000000100000000)
  region size 1024K, 7 young (7168K), 0 survivors (0K)
 Metaspace       used 7826K, capacity 7965K, committed 8192K, reserved 1056768K
  class space    used 686K, capacity 740K, committed 768K, reserved 1048576K
}
Event: 0.569 GC heap after
{Heap after GC invocations=1 (full 0):
 garbage-first heap   total 131072K, used 2113K [0x0000000080000000, 0x0000000100000000)
  region size 1024K, 1 young (1024K), 1 survivors (1024K)
 Metaspace       used 7826K, capacity 7965K, committed 8192K, reserved 1056768K
  class space    used 686K, capacity 740K, committed 768K, reserved 1048576K
}
Event: 0.900 GC heap before
{Heap before GC invocations=1 (full 0):
 garbage-first heap   total 131072K, used 7233K [0x0000000080000000, 0x0000000100000000)
  region size 1024K, 6 young (6144K), 1 survivors (1024K)
 Metaspace       used 10240K, capacity 10440K, committed 10624K, reserved 1058816K
  class space    used 960K, capacity 1056K, committed 1152K, reserved 1048576K
}
Event: 0.909 GC heap after
{Heap after GC invocations=2 (full 0):
 garbage-first heap   total 131072K, used 3014K [0x0000000080000000, 0x0000000100000000)
  region size 1024K, 1 young (1024K), 1 survivors (1024K)
 Metaspace       used 10240K, capacity 10440K, committed 10624K, reserved 1058816K
  class space    used 960K, capacity 1056K, committed 1152K, reserved 1048576K
}
Event: 1.359 GC heap before
{Heap before GC invocations=2 (full 0):
 garbage-first heap   total 131072K, used 16326K [0x0000000080000000, 0x0000000100000000)
  region size 1024K, 14 young (14336K), 1 survivors (1024K)
 Metaspace       used 12374K, capacity 12532K, committed 12672K, reserved 1062912K
  class space    used 1255K, capacity 1348K, committed 1408K, reserved 1048576K
}
Event: 1.364 GC heap after
{Heap after GC invocations=3 (full 0):
 garbage-first heap   total 131072K, used 3528K [0x0000000080000000, 0x0000000100000000)
  region size 1024K, 2 young (2048K), 2 survivors (2048K)
 Metaspace       used 12374K, capacity 12532K, committed 12672K, reserved 1062912K
  class space    used 1255K, capacity 1348K, committed 1408K, reserved 1048576K
}
Event: 2.011 GC heap before
{Heap before GC invocations=3 (full 0):
 garbage-first heap   total 131072K, used 21960K [0x0000000080000000, 0x0000000100000000)
  region size 1024K, 20 young (20480K), 2 survivors (2048K)
 Metaspace       used 14736K, capacity 14939K, committed 15232K, reserved 1064960K
  class space    used 1538K, capacity 1617K, committed 1664K, reserved 1048576K
}
Event: 2.018 GC heap after
{Heap after GC invocations=4 (full 0):
 garbage-first heap   total 131072K, used 4218K [0x0000000080000000, 0x0000000100000000)
  region size 1024K, 3 young (3072K), 3 survivors (3072K)
 Metaspace       used 14736K, capacity 14939K, committed 15232K, reserved 1064960K
  class space    used 1538K, capacity 1617K, committed 1664K, reserved 1048576K
}

Deoptimization events (10 events):
Event: 1.284 Thread 0x000001cc5ea3b000 Uncommon trap: reason=unstable_if action=reinterpret pc=0x000001cc6dbf64e0 method=java.nio.charset.CharsetDecoder.decode(Ljava/nio/ByteBuffer;Ljava/nio/CharBuffer;Z)Ljava/nio/charset/CoderResult; @ 15 c2
Event: 1.375 Thread 0x000001cc5ea3b000 Uncommon trap: reason=bimorphic_or_optimized_type_check action=maybe_recompile pc=0x000001cc6dbef54c method=java.util.HashMap.getNode(ILjava/lang/Object;)Ljava/util/HashMap$Node; @ 126 c2
Event: 1.439 Thread 0x000001cc5ea3b000 Uncommon trap: reason=unstable_if action=reinterpret pc=0x000001cc6dbee154 method=java.util.HashMap.putVal(ILjava/lang/Object;Ljava/lang/Object;ZZ)Ljava/lang/Object; @ 181 c2
Event: 1.445 Thread 0x000001cc5ea3b000 Uncommon trap: reason=bimorphic_or_optimized_type_check action=maybe_recompile pc=0x000001cc6dbef54c method=java.util.HashMap.getNode(ILjava/lang/Object;)Ljava/util/HashMap$Node; @ 126 c2
Event: 1.447 Thread 0x000001cc5ea3b000 Uncommon trap: reason=bimorphic_or_optimized_type_check action=maybe_recompile pc=0x000001cc6dbef54c method=java.util.HashMap.getNode(ILjava/lang/Object;)Ljava/util/HashMap$Node; @ 126 c2
Event: 1.478 Thread 0x000001cc5ea3b000 Uncommon trap: reason=unstable_if action=reinterpret pc=0x000001cc6dc0b488 method=java.util.HashMap.getNode(ILjava/lang/Object;)Ljava/util/HashMap$Node; @ 129 c2
Event: 1.706 Thread 0x000001cc5ea3b000 Uncommon trap: reason=unstable_if action=reinterpret pc=0x000001cc6dc14c50 method=java.lang.String.<init>([CIILjava/lang/Void;)V @ 5 c2
Event: 1.760 Thread 0x000001cc5ea3b000 Uncommon trap: reason=unstable_if action=reinterpret pc=0x000001cc6dc0e2b0 method=java.lang.String.<init>([CIILjava/lang/Void;)V @ 5 c2
Event: 1.835 Thread 0x000001cc5ea3b000 Uncommon trap: reason=unstable_if action=reinterpret pc=0x000001cc6dc0c724 method=java.util.HashMap.getNode(ILjava/lang/Object;)Ljava/util/HashMap$Node; @ 129 c2
Event: 1.842 Thread 0x000001cc5ea3b000 Uncommon trap: reason=unstable_if action=reinterpret pc=0x000001cc6dbec51c method=java.lang.StringLatin1.lastIndexOf([BI[BII)I @ 86 c2

Classes redefined (0 events):
No events

Internal exceptions (10 events):
Event: 0.319 Thread 0x000001cc5ea3b000 Exception <a 'java/lang/NullPointerException'{0x0000000087c82cf8}> (0x0000000087c82cf8) thrown at [./open/src/hotspot/share/interpreter/linkResolver.cpp, line 1354]
Event: 0.356 Thread 0x000001cc5ea3b000 Exception <a 'java/lang/NullPointerException'{0x0000000087cda528}> (0x0000000087cda528) thrown at [./open/src/hotspot/share/interpreter/linkResolver.cpp, line 1354]
Event: 0.356 Thread 0x000001cc5ea3b000 Exception <a 'java/lang/NullPointerException'{0x0000000087cda7f8}> (0x0000000087cda7f8) thrown at [./open/src/hotspot/share/interpreter/linkResolver.cpp, line 1354]
Event: 0.356 Thread 0x000001cc5ea3b000 Exception <a 'java/lang/NullPointerException'{0x0000000087cdaac8}> (0x0000000087cdaac8) thrown at [./open/src/hotspot/share/interpreter/linkResolver.cpp, line 1354]
Event: 0.357 Thread 0x000001cc5ea3b000 Exception <a 'java/lang/NullPointerException'{0x0000000087ce1728}> (0x0000000087ce1728) thrown at [./open/src/hotspot/share/interpreter/linkResolver.cpp, line 1354]
Event: 0.360 Thread 0x000001cc5ea3b000 Exception <a 'java/lang/NullPointerException'{0x0000000087cf8148}> (0x0000000087cf8148) thrown at [./open/src/hotspot/share/interpreter/linkResolver.cpp, line 1354]
Event: 0.360 Thread 0x000001cc5ea3b000 Exception <a 'java/lang/NullPointerException'{0x0000000087cf8418}> (0x0000000087cf8418) thrown at [./open/src/hotspot/share/interpreter/linkResolver.cpp, line 1354]
Event: 0.360 Thread 0x000001cc5ea3b000 Exception <a 'java/lang/NullPointerException'{0x0000000087cf86e8}> (0x0000000087cf86e8) thrown at [./open/src/hotspot/share/interpreter/linkResolver.cpp, line 1354]
Event: 0.360 Thread 0x000001cc5ea3b000 Exception <a 'java/lang/NullPointerException'{0x0000000087cf89b8}> (0x0000000087cf89b8) thrown at [./open/src/hotspot/share/interpreter/linkResolver.cpp, line 1354]
Event: 1.204 Thread 0x000001cc5ea3b000 Exception <a 'java/lang/NoClassDefFoundError'{0x00000000879b82e0}: javax/enterprise/inject/Typed> (0x00000000879b82e0) thrown at [./open/src/hotspot/share/classfile/systemDictionary.cpp, line 215]

Events (10 events):
Event: 2.050 loading class org/apache/maven/lifecycle/internal/ProjectIndex
Event: 2.050 loading class org/apache/maven/lifecycle/internal/ProjectIndex done
Event: 2.050 loading class org/apache/maven/lifecycle/internal/DependencyContext
Event: 2.050 loading class org/apache/maven/lifecycle/internal/DependencyContext done
Event: 2.051 loading class org/apache/maven/lifecycle/internal/PhaseRecorder
Event: 2.051 loading class org/apache/maven/lifecycle/internal/PhaseRecorder done
Event: 2.051 loading class org/apache/maven/artifact/repository/metadata/DefaultRepositoryMetadataManager
Event: 2.051 loading class org/apache/maven/artifact/repository/metadata/DefaultRepositoryMetadataManager done
Event: 2.052 loading class org/apache/maven/artifact/repository/metadata/RepositoryMetadataStoreException
Event: 2.052 loading class org/apache/maven/artifact/repository/metadata/RepositoryMetadataStoreException done


Dynamic libraries:
0x00007ff748ae0000 - 0x00007ff748aef000 	C:\Program Files\Java\jdk-11.0.15\bin\java.exe
0x00007ff992f70000 - 0x00007ff993168000 	C:\Windows\SYSTEM32\ntdll.dll
0x00007ff992550000 - 0x00007ff99260d000 	C:\Windows\System32\KERNEL32.DLL
0x00007ff9908c0000 - 0x00007ff990b8e000 	C:\Windows\System32\KERNELBASE.dll
0x00007ff990e80000 - 0x00007ff990f80000 	C:\Windows\System32\ucrtbase.dll
0x00007ff97f2a0000 - 0x00007ff97f2b8000 	C:\Program Files\Java\jdk-11.0.15\bin\jli.dll
0x00007ff9927e0000 - 0x00007ff99288e000 	C:\Windows\System32\ADVAPI32.dll
0x00007ff97f280000 - 0x00007ff97f295000 	C:\Program Files\Java\jdk-11.0.15\bin\VCRUNTIME140.dll
0x00007ff990fd0000 - 0x00007ff99106e000 	C:\Windows\System32\msvcrt.dll
0x00007ff9920c0000 - 0x00007ff99215c000 	C:\Windows\System32\sechost.dll
0x00007ff9929b0000 - 0x00007ff992ad5000 	C:\Windows\System32\RPCRT4.dll
0x00007ff992610000 - 0x00007ff9927b0000 	C:\Windows\System32\USER32.dll
0x00007ff990690000 - 0x00007ff9906b2000 	C:\Windows\System32\win32u.dll
0x00007ff992520000 - 0x00007ff99254a000 	C:\Windows\System32\GDI32.dll
0x00007ff990b90000 - 0x00007ff990c9b000 	C:\Windows\System32\gdi32full.dll
0x00007ff990ca0000 - 0x00007ff990d3d000 	C:\Windows\System32\msvcp_win.dll
0x00007ff97bef0000 - 0x00007ff97c18a000 	C:\Windows\WinSxS\amd64_microsoft.windows.common-controls_6595b64144ccf1df_6.0.19041.1110_none_60b5254171f9507e\COMCTL32.dll
0x00007ff9889e0000 - 0x00007ff9889ea000 	C:\Windows\SYSTEM32\VERSION.dll
0x00007ff991ee0000 - 0x00007ff991f10000 	C:\Windows\System32\IMM32.DLL
0x00007ff97bbf0000 - 0x00007ff97bc8b000 	C:\Program Files\Java\jdk-11.0.15\bin\msvcp140.dll
0x00007ff97b0d0000 - 0x00007ff97bbe6000 	C:\Program Files\Java\jdk-11.0.15\bin\server\jvm.dll
0x00007ff9927b0000 - 0x00007ff9927b8000 	C:\Windows\System32\PSAPI.DLL
0x00007ff97f270000 - 0x00007ff97f279000 	C:\Windows\SYSTEM32\WSOCK32.dll
0x00007ff992d40000 - 0x00007ff992dab000 	C:\Windows\System32\WS2_32.dll
0x00007ff97f240000 - 0x00007ff97f267000 	C:\Windows\SYSTEM32\WINMM.dll
0x00007ff98e570000 - 0x00007ff98e582000 	C:\Windows\SYSTEM32\kernel.appcore.dll
0x00007ff97f230000 - 0x00007ff97f240000 	C:\Program Files\Java\jdk-11.0.15\bin\verify.dll
0x00007ff97e9f0000 - 0x00007ff97ebd4000 	C:\Windows\SYSTEM32\DBGHELP.DLL
0x00007ff97ed50000 - 0x00007ff97ed7c000 	C:\Windows\SYSTEM32\dbgcore.DLL
0x00007ff990df0000 - 0x00007ff990e72000 	C:\Windows\System32\bcryptPrimitives.dll
0x00007ff97f200000 - 0x00007ff97f228000 	C:\Program Files\Java\jdk-11.0.15\bin\java.dll
0x00007ff97f1f0000 - 0x00007ff97f1fa000 	C:\Program Files\Java\jdk-11.0.15\bin\jimage.dll
0x00007ff97c1c0000 - 0x00007ff97c1d6000 	C:\Program Files\Java\jdk-11.0.15\bin\zip.dll
0x00007ff9910d0000 - 0x00007ff991814000 	C:\Windows\System32\SHELL32.dll
0x00007ff98e770000 - 0x00007ff98ef04000 	C:\Windows\SYSTEM32\windows.storage.dll
0x00007ff9921c0000 - 0x00007ff992514000 	C:\Windows\System32\combase.dll
0x00007ff98ff40000 - 0x00007ff98ff70000 	C:\Windows\SYSTEM32\Wldp.dll
0x00007ff992bc0000 - 0x00007ff992c6d000 	C:\Windows\System32\SHCORE.dll
0x00007ff992b60000 - 0x00007ff992bb5000 	C:\Windows\System32\shlwapi.dll
0x00007ff9905d0000 - 0x00007ff9905ef000 	C:\Windows\SYSTEM32\profapi.dll
0x00007ff97aa50000 - 0x00007ff97aa69000 	C:\Program Files\Java\jdk-11.0.15\bin\net.dll
0x00007ff988150000 - 0x00007ff98825a000 	C:\Windows\SYSTEM32\WINHTTP.dll
0x00007ff98fd20000 - 0x00007ff98fd8a000 	C:\Windows\system32\mswsock.dll
0x00007ff97aa30000 - 0x00007ff97aa42000 	C:\Program Files\Java\jdk-11.0.15\bin\nio.dll
0x0000000069ac0000 - 0x0000000069ae4000 	C:\Users\sfjbs\Downloads\apache-maven-3.8.6-bin\apache-maven-3.8.6\lib\jansi-native\Windows\x86_64\jansi.dll

dbghelp: loaded successfully - version: 4.0.5 - missing functions: none
symbol engine: initialized successfully - sym options: 0x614 - pdb path: .;C:\Program Files\Java\jdk-11.0.15\bin;C:\Windows\SYSTEM32;C:\Windows\WinSxS\amd64_microsoft.windows.common-controls_6595b64144ccf1df_6.0.19041.1110_none_60b5254171f9507e;C:\Program Files\Java\jdk-11.0.15\bin\server;C:\Users\sfjbs\Downloads\apache-maven-3.8.6-bin\apache-maven-3.8.6\lib\jansi-native\Windows\x86_64

VM Arguments:
jvm_args: -Dclassworlds.conf=C:\Users\sfjbs\Downloads\apache-maven-3.8.6-bin\apache-maven-3.8.6\bin\m2.conf -Dmaven.home=C:\Users\sfjbs\Downloads\apache-maven-3.8.6-bin\apache-maven-3.8.6 -Dlibrary.jansi.path=C:\Users\sfjbs\Downloads\apache-maven-3.8.6-bin\apache-maven-3.8.6\lib\jansi-native -Dmaven.multiModuleProjectDirectory=C:\Users\sfjbs\IdeaProjects\deepthi\Day13\fourth-rabbit-demo\rabbitmq-demo-consumer 
java_command: org.codehaus.plexus.classworlds.launcher.Launcher spring-boot:run
java_class_path (initial): C:\Users\sfjbs\Downloads\apache-maven-3.8.6-bin\apache-maven-3.8.6\boot\plexus-classworlds-2.6.0.jar
Launcher Type: SUN_STANDARD

[Global flags]
     intx CICompilerCount                          = 2                                         {product} {ergonomic}
     uint ConcGCThreads                            = 1                                         {product} {ergonomic}
     uint G1ConcRefinementThreads                  = 2                                         {product} {ergonomic}
   size_t G1HeapRegionSize                         = 1048576                                   {product} {ergonomic}
    uintx GCDrainStackTargetSize                   = 64                                        {product} {ergonomic}
   size_t InitialHeapSize                          = 134217728                                 {product} {ergonomic}
   size_t MarkStackSize                            = 4194304                                   {product} {ergonomic}
   size_t MaxHeapSize                              = 2147483648                                {product} {ergonomic}
   size_t MaxNewSize                               = 1287651328                                {product} {ergonomic}
   size_t MinHeapDeltaBytes                        = 1048576                                   {product} {ergonomic}
    uintx NonNMethodCodeHeapSize                   = 5825164                                {pd product} {ergonomic}
    uintx NonProfiledCodeHeapSize                  = 122916538                              {pd product} {ergonomic}
    uintx ProfiledCodeHeapSize                     = 122916538                              {pd product} {ergonomic}
    uintx ReservedCodeCacheSize                    = 251658240                              {pd product} {ergonomic}
     bool SegmentedCodeCache                       = true                                      {product} {ergonomic}
     bool UseCompressedClassPointers               = true                                 {lp64_product} {ergonomic}
     bool UseCompressedOops                        = true                                 {lp64_product} {ergonomic}
     bool UseG1GC                                  = true                                      {product} {ergonomic}
     bool UseLargePagesIndividualAllocation        = false                                  {pd product} {ergonomic}

Logging:
Log output configuration:
 #0: stdout all=warning uptime,level,tags
 #1: stderr all=off uptime,level,tags

Environment Variables:
PATH=C:\Program Files\Common Files\Oracle\Java\javapath;C:\Windows\system32;C:\Windows;C:\Windows\System32\Wbem;C:\Windows\System32\WindowsPowerShell\v1.0\;C:\Windows\System32\OpenSSH\;C:\Program Files\PuTTY\;C:\Program Files\Git\cmd;C:\Program Files\Docker\Docker\resources\bin;C:\ProgramData\DockerDesktop\version-bin;C:\Users\sfjbs\Downloads\apache-maven-3.8.6-bin\apache-maven-3.8.6\bin;C:\Users\sfjbs\Downloads\apache-maven-3.8.6-bin\apache-maven-3.8.6\lib;C:\Users\sfjbs\AppData\Local\Microsoft\WindowsApps;C:\Program Files\JetBrains\IntelliJ IDEA Community Edition 2022.2.1\bin;;C:\Users\sfjbs\Downloads\apache-maven-3.8.6-bin\apache-maven-3.8.6\bin;C:\Users\sfjbs\Downloads\apache-maven-3.8.6-bin\apache-maven-3.8.6\lib;
USERNAME=sfjbs
OS=Windows_NT
PROCESSOR_IDENTIFIER=Intel64 Family 6 Model 85 Stepping 7, GenuineIntel



---------------  S Y S T E M  ---------------

OS: Windows 10 , 64 bit Build 19041 (10.0.19041.1889)
Hyper-V role detected

CPU:total 2 (initial active 2) (1 cores per cpu, 2 threads per core) family 6 model 85 stepping 7 microcode 0xffffffff, cmov, cx8, fxsr, mmx, sse, sse2, sse3, ssse3, sse4.1, sse4.2, popcnt, avx, avx2, aes, clmul, erms, rtm, 3dnowpref, lzcnt, ht, tsc, bmi1, bmi2, adx, evex, fma

Memory: 4k page, system-wide physical 8190M (859M free)
TotalPageFile size 10238M (AvailPageFile size 4M)
current process WorkingSet (physical memory assigned to process): 81M, peak: 81M
current process commit charge ("private bytes"): 214M, peak: 240M

vm_info: Java HotSpot(TM) 64-Bit Server VM (11.0.15+8-LTS-149) for windows-amd64 JRE (11.0.15+8-LTS-149), built on Mar  9 2022 22:42:32 by "mach5one" with MS VC++ 15.9 (VS2017)

END.
